<?xml version="1.0" encoding="UTF-8"?>
<!-- Generated by org.testng.reporters.JUnitReportReporter -->
<testsuite hostname="inlen8520086055" failures="0" tests="1" name="PageFactory.SignUpCall" time="8.028" errors="0" timestamp="2023-03-03T17:37:56 IST" skipped="0">
  <testcase classname="PageFactory.SignUpCall" name="test" time="8.028"/>
  <system-out/>
</testsuite> <!-- PageFactory.SignUpCall -->
